0 silly argv {
0 silly argv   _: [ 'run' ],
0 silly argv   stream: true,
0 silly argv   lernaVersion: '3.22.1',
0 silly argv   '$0': 'lerna',
0 silly argv   script: 'start:web-client'
0 silly argv }
1 notice cli v3.22.1
2 verbose rootPath /Users/kerry.convery/Repositories/guess-the-password
3 info Executing command in 1 package: "npm run start:web-client"
4 silly npmRunScript.stream [ 'start:web-client', [], 'guess-the-password-ui' ]
5 silly getExecOpts /Users/kerry.convery/Repositories/guess-the-password/guess-the-password-ui undefined
6 error Error: Command failed: npm run start:web-client
6 error
6 error
6 error > guess-the-password-ui@1.0.0 start:web-client
6 error > cross-env APP_ENV=local webpack-dev-server
6 error
6 error [34mℹ[39m [90m｢wds｣[39m: Project is running at http://localhost:8080/
6 error [34mℹ[39m [90m｢wds｣[39m: webpack output is served from /
6 error [34mℹ[39m [90m｢wds｣[39m: Content not from webpack is served from /Users/kerry.convery/Repositories/guess-the-password/guess-the-password-ui
6 error [34mℹ[39m [90m｢wds｣[39m: 404s will fallback to /index.html
6 error [34mℹ[39m [90m｢wdm｣[39m: Hash: 427f4960327b5d929e2c
6 error Version: webpack 4.43.0
6 error Time: 1897ms
6 error Built at: 19/04/2021 8:03:17 pm
6 error      Asset       Size  Chunks             Chunk Names
6 error index.html  285 bytes          [emitted]
6 error   index.js   2.43 MiB    main  [emitted]  main
6 error Entrypoint main = index.js
6 error [1] multi ./node_modules/webpack-dev-server/client?http://localhost:8080 ./src/index.jsx 40 bytes {main} [built]
6 error [../node_modules/webpack/hot sync ^\.\/log$] ../node_modules/webpack/hot sync nonrecursive ^\.\/log$ 170 bytes {main} [built]
6 error [./config.json] 99 bytes {main} [built]
6 error [./node_modules/react-dom/index.js] 1.33 KiB {main} [built]
6 error [./node_modules/react/index.js] 190 bytes {main} [built]
6 error [./node_modules/strip-ansi/index.js] 161 bytes {main} [built]
6 error [./node_modules/webpack-dev-server/client/index.js?http://localhost:8080] ./node_modules/webpack-dev-server/client?http://localhost:8080 4.29 KiB {main} [built]
6 error [./node_modules/webpack-dev-server/client/overlay.js] 3.51 KiB {main} [built]
6 error [./node_modules/webpack-dev-server/client/socket.js] 1.53 KiB {main} [built]
6 error [./node_modules/webpack-dev-server/client/utils/createSocketUrl.js] 2.91 KiB {main} [built]
6 error [./node_modules/webpack-dev-server/client/utils/log.js] 964 bytes {main} [built]
6 error [./node_modules/webpack-dev-server/client/utils/reloadApp.js] 1.59 KiB {main} [built]
6 error [./node_modules/webpack-dev-server/client/utils/sendMessage.js] 402 bytes {main} [built]
6 error [./src/api/guessThePasswordServiceApi.js] 503 bytes {main} [built]
6 error [./src/index.jsx] 675 bytes {main} [built]
6 error     + 325 hidden modules
6 error [34mℹ[39m [90m｢wdm｣[39m: Compiled successfully.
6 error
6 error     at makeError (/Users/kerry.convery/Repositories/guess-the-password/node_modules/execa/index.js:174:9)
6 error     at /Users/kerry.convery/Repositories/guess-the-password/node_modules/execa/index.js:278:16
